TOMASULO TABLE
lw        r16,0(r29)	1	2	3	8
lui       r28,0x1003	2	3	4	9
addiu     r28,r28,20912	3	4	9	14
addiu     r17,r29,4	4	5	6	11
addiu     r3,r17,4	5	6	11	16
sll       r2,r16,2	8	9	10	15
addu      r3,r3,r2	9	10	16	21
addu      r18,r0,r3	11	12	21	26
sw        r18,-21500(r28)	14	15	26	0
addiu     r29,r29,-24	15	16	17	22
addu      r4,r0,r16	16	17	18	23
addu      r5,r0,r17	21	22	23	28
addu      r6,r0,r18	22	23	26	31
jal       0x5fb810	23	24	0	0
addiu     r29,r29,-24	24	25	28	33
sw        r31,16(r29)	26	27	33	0
jal       0x602f70	27	28	0	0
addiu     r29,r29,-24	28	29	33	38
sw        r16,16(r29)	31	32	38	0
addu      r16,r0,r5	32	33	34	39
sw        r31,20(r29)	33	34	38	0
beq       r16,r0,0x602fe0	34	35	0	0
lw        r4,0(r16)	38	39	40	45
beq       r4,r0,0x602fe0	39	40	0	0
addiu     r5,r0,47	40	41	43	48
jal       0x6089a0	41	42	0	0
addiu     r29,r29,-32	42	43	44	49
sw        r17,20(r29)	43	44	49	0
andi      r17,r5,255	44	45	48	53
sw        r31,24(r29)	45	46	49	0
sw        r16,16(r29)	48	49	53	0
bne       r17,r0,0x6089e8	49	50	0	0
addu      r16,r0,r0	50	51	54	59
addu      r5,r0,r17	53	54	55	60
jal       0x5fe910	54	55	0	0
addiu     r29,r29,-16	55	56	58	63
andi      r5,r5,255	56	57	60	65
andi      r2,r4,3	58	59	60	66
beq       r2,r0,0x5fe960	59	60	0	0
lui       r8,0x7efe	60	61	63	68
ori       r8,r8,65279	61	62	68	73
sll       r2,r5,8	63	64	65	70
or        r9,r5,r2	65	66	70	75
sll       r2,r9,16	66	67	75	80
or        r9,r9,r2	68	69	80	85
lw        r6,0(r4)	70	71	72	77
nor       r7,r0,r8	73	74	75	81
addiu     r4,r4,4	75	76	77	82
addu      r3,r6,r8	77	78	81	86
nor       r2,r0,r6	80	81	82	87
xor       r3,r3,r2	81	82	87	92
and       r3,r3,r7	82	83	92	97
bne       r3,r0,0x5fea00	83	84	0	0
xor       r2,r6,r9	85	86	87	93
addu      r3,r2,r8	86	87	93	98
nor       r2,r0,r2	87	88	93	99
xor       r3,r3,r2	92	93	99	104
and       r3,r3,r7	93	94	104	109
beq       r3,r0,0x5fe990	94	95	0	0
lw        r6,0(r4)	97	98	99	105
nor       r7,r0,r8	98	99	100	106
addiu     r4,r4,4	99	100	105	110
addu      r3,r6,r8	104	105	106	111
nor       r2,r0,r6	105	106	109	114
xor       r3,r3,r2	106	107	114	119
and       r3,r3,r7	109	110	119	124
bne       r3,r0,0x5fea00	110	111	0	0
xor       r2,r6,r9	111	112	113	118
addu      r3,r2,r8	112	113	118	123
nor       r2,r0,r2	114	115	118	125
xor       r3,r3,r2	118	119	125	130
and       r3,r3,r7	119	120	130	135
beq       r3,r0,0x5fe990	120	121	0	0
lw        r6,0(r4)	123	124	125	131
nor       r7,r0,r8	124	125	126	132
addiu     r4,r4,4	125	126	131	136
addu      r3,r6,r8	130	131	132	137
nor       r2,r0,r6	131	132	135	140
xor       r3,r3,r2	132	133	140	145
and       r3,r3,r7	135	136	145	150
bne       r3,r0,0x5fea00	136	137	0	0
xor       r2,r6,r9	137	138	139	144
addu      r3,r2,r8	138	139	144	149
nor       r2,r0,r2	140	141	144	151
xor       r3,r3,r2	144	145	151	156
and       r3,r3,r7	145	146	156	161
beq       r3,r0,0x5fe990	146	147	0	0
lbu       r3,-4(r4)	149	150	151	157
addiu     r2,r4,-4	150	151	152	158
beq       r3,r5,0x5feaa0	151	152	0	0
beq       r3,r0,0x5fea98	152	153	0	0
lbu       r3,-3(r4)	153	154	157	162
addiu     r2,r4,-3	156	157	158	163
beq       r3,r5,0x5feaa0	157	158	0	0
beq       r3,r0,0x5fea98	158	159	0	0
lbu       r3,-2(r4)	159	160	161	166
addiu     r2,r4,-2	160	161	162	167
beq       r3,r5,0x5feaa0	161	162	0	0
addiu     r29,r29,16	162	163	164	169
jr        r31	163	164	0	0
beq       r2,r0,0x608a20	164	165	0	0
addu      r16,r0,r2	165	166	167	172
addiu     r4,r16,1	166	167	172	177
j         0x6089f0	167	168	0	0
addu      r5,r0,r17	168	169	170	175
jal       0x5fe910	169	170	0	0
addiu     r29,r29,-16	170	171	172	178
andi      r5,r5,255	171	172	175	180
andi      r2,r4,3	172	173	177	182
beq       r2,r0,0x5fe960	173	174	0	0
lbu       r2,0(r4)	175	176	178	183
beq       r2,r5,0x5fea88	176	177	0	0
beq       r2,r0,0x5fea98	177	178	0	0
addiu     r4,r4,1	178	179	180	185
andi      r2,r4,3	179	180	185	190
bne       r2,r0,0x5fe930	180	181	0	0
lui       r8,0x7efe	181	182	183	188
ori       r8,r8,65279	182	183	188	193
sll       r2,r5,8	183	184	185	191
or        r9,r5,r2	185	186	191	196
sll       r2,r9,16	188	189	196	201
or        r9,r9,r2	190	191	201	206
lw        r6,0(r4)	191	192	193	198
nor       r7,r0,r8	193	194	195	200
addiu     r4,r4,4	196	197	198	203
addu      r3,r6,r8	198	199	200	205
nor       r2,r0,r6	200	201	203	208
xor       r3,r3,r2	201	202	208	213
and       r3,r3,r7	203	204	213	218
bne       r3,r0,0x5fea00	204	205	0	0
xor       r2,r6,r9	205	206	207	212
addu      r3,r2,r8	206	207	212	217
nor       r2,r0,r2	208	209	212	219
xor       r3,r3,r2	212	213	219	224
and       r3,r3,r7	213	214	224	229
beq       r3,r0,0x5fe990	214	215	0	0
lw        r6,0(r4)	217	218	219	225
nor       r7,r0,r8	218	219	220	226
addiu     r4,r4,4	219	220	225	230
addu      r3,r6,r8	224	225	226	231
nor       r2,r0,r6	225	226	229	234
xor       r3,r3,r2	226	227	234	239
and       r3,r3,r7	229	230	239	244
bne       r3,r0,0x5fea00	230	231	0	0
xor       r2,r6,r9	231	232	233	238
addu      r3,r2,r8	232	233	238	243
nor       r2,r0,r2	234	235	238	245
xor       r3,r3,r2	238	239	245	250
and       r3,r3,r7	239	240	250	255
beq       r3,r0,0x5fe990	240	241	0	0
lw        r6,0(r4)	243	244	245	251
nor       r7,r0,r8	244	245	246	252
addiu     r4,r4,4	245	246	251	256
addu      r3,r6,r8	250	251	252	257
nor       r2,r0,r6	251	252	255	260
xor       r3,r3,r2	252	253	260	265
and       r3,r3,r7	255	256	265	270
bne       r3,r0,0x5fea00	256	257	0	0
lbu       r3,-4(r4)	257	258	259	264
addiu     r2,r4,-4	258	259	260	266
beq       r3,r5,0x5feaa0	259	260	0	0
beq       r3,r0,0x5fea98	260	261	0	0
lbu       r3,-3(r4)	261	262	264	269
addiu     r2,r4,-3	264	265	266	271
beq       r3,r5,0x5feaa0	265	266	0	0
beq       r3,r0,0x5fea98	266	267	0	0
lbu       r3,-2(r4)	267	268	269	274
addiu     r2,r4,-2	268	269	270	275
beq       r3,r5,0x5feaa0	269	270	0	0
beq       r3,r0,0x5fea98	270	271	0	0
lbu       r3,-1(r4)	271	272	273	278
addiu     r2,r4,-1	272	273	274	279
beq       r3,r5,0x5feaa0	273	274	0	0
bne       r3,r0,0x5fe990	274	275	0	0
j         0x5fea98	275	276	0	0
addu      r2,r0,r0	276	277	278	283
addiu     r29,r29,16	277	278	279	284
jr        r31	278	279	0	0
beq       r2,r0,0x608a20	279	280	0	0
addu      r2,r0,r16	280	281	282	287
lw        r31,24(r29)	281	282	284	289
lw        r17,20(r29)	282	283	284	290
lw        r16,16(r29)	283	284	287	292
addiu     r29,r29,32	284	285	289	294
jr        r31	285	286	0	0
bne       r2,r0,0x602fd0	286	287	0	0
addiu     r2,r2,1	287	288	290	295
sw        r2,-23852(r28)	289	290	295	0
lw        r31,20(r29)	290	291	294	299
lw        r16,16(r29)	292	293	294	300
addiu     r29,r29,24	294	295	299	304
jr        r31	295	296	0	0
lw        r31,16(r29)	296	297	304	309
addiu     r29,r29,24	299	300	304	310
jr        r31	300	301	0	0
sw        r0,-21504(r28)	301	302	303	0
addu      r4,r0,r16	302	303	308	313
addu      r5,r0,r17	304	305	309	314
addu      r6,r0,r18	308	309	310	315
jal       0x443d70	309	310	0	0
addiu     r29,r29,-104	310	311	313	318
sw        r17,68(r29)	311	312	318	0
addu      r17,r0,r5	313	314	315	320
sw        r31,100(r29)	314	315	318	0
sw        r30,96(r29)	315	316	320	0
sw        r23,92(r29)	318	319	323	0
sw        r22,88(r29)	320	321	323	0
sw        r21,84(r29)	323	324	325	0
sw        r20,80(r29)	324	325	328	0
sw        r19,76(r29)	325	326	328	0
sw        r18,72(r29)	328	329	330	0
sw        r16,64(r29)	329	330	333	0
sw        r4,16(r29)	330	331	333	0
jal       0x5fb7b8	331	332	0	0
lw        r2,-24028(r28)	333	334	335	340
addiu     r29,r29,-24	334	335	338	343
sw        r31,16(r29)	335	336	343	0
bne       r2,r0,0x5fb7f0	336	337	0	0
addiu     r2,r0,1	338	339	340	345
sw        r2,-24028(r28)	339	340	345	0
jal       0x5fb690	340	341	0	0
addiu     r29,r29,-32	341	342	343	348
sw        r31,24(r29)	343	344	348	0
sw        r17,20(r29)	345	346	348	0
sw        r16,16(r29)	348	349	350	0
lui       r3,0x1003	349	350	353	358
addiu     r3,r3,1584	350	351	358	363
lw        r4,0(r3)	353	354	363	368
addiu     r2,r0,-1	354	355	356	361
bne       r4,r2,0x5fb720	355	356	0	0
addu      r17,r0,r4	356	357	368	373
beq       r17,r0,0x5fb778	357	358	0	0
lui       r4,0x60	358	359	360	365
addiu     r4,r4,-18928	361	362	365	370
jal       0x602d60	362	363	0	0
addiu     r29,r29,-24	363	364	365	371
sw        r16,16(r29)	365	366	371	0
addu      r16,r0,r4	368	369	370	375
sw        r31,20(r29)	370	371	373	0
jal       0x602de8	371	372	0	0
lw        r7,-23872(r28)	372	373	375	380
addiu     r29,r29,-32	373	374	376	381
sw        r31,24(r29)	375	376	381	0
beq       r7,r0,0x602ea0	376	377	0	0
lw        r2,4(r7)	377	378	380	385
addu      r4,r0,r0	378	379	380	386
beq       r2,r0,0x602e78	379	380	0	0
lw        r3,4(r7)	380	381	385	390
sltiu     r2,r3,32	381	382	390	395
bne       r2,r0,0x602f10	382	383	0	0
addiu     r2,r3,1	385	386	390	396
sw        r2,4(r7)	386	387	396	0
sll       r2,r3,1	387	388	390	397
addu      r2,r2,r3	390	391	397	402
sll       r2,r2,2	395	396	402	407
addiu     r2,r2,8	396	397	407	412
addu      r2,r7,r2	397	398	412	417
j         0x602f58	398	399	0	0
lw        r31,24(r29)	401	402	403	408
addiu     r29,r29,32	402	403	404	409
jr        r31	403	404	0	0
addu      r4,r0,r2	407	408	417	422
beq       r4,r0,0x602dc0	408	409	0	0
addu      r2,r0,r0	409	410	411	416
addiu     r3,r0,2	410	411	412	418
sw        r3,0(r4)	412	413	422	0
sw        r16,4(r4)	416	417	425	0
j         0x602dc8	417	418	0	0
lw        r31,20(r29)	418	419	420	425
lw        r16,16(r29)	419	420	421	426
addiu     r29,r29,24	422	423	426	431
jr        r31	423	424	0	0
lw        r31,24(r29)	425	426	431	436
lw        r17,20(r29)	426	427	431	437
lw        r16,16(r29)	427	428	431	438
addiu     r29,r29,32	430	431	436	441
jr        r31	431	432	0	0
lw        r31,16(r29)	432	433	441	446
addiu     r29,r29,24	436	437	441	447
jr        r31	437	438	0	0
lw        r8,16(r29)	438	439	447	452
sw        r17,-20980(r28)	439	440	441	0
sw        r8,-20976(r28)	441	442	452	0
lw        r4,0(r17)	446	447	448	453
sw        r0,24(r29)	447	448	449	0
jal       0x5fe3a0	448	449	0	0
addiu     r29,r29,-16	449	450	453	458
addu      r3,r0,r4	452	453	454	459
andi      r2,r4,3	453	454	457	462
beq       r2,r0,0x5fe3e8	454	455	0	0
lui       r7,0x8080	455	456	458	463
ori       r7,r7,32896	457	458	463	468
lui       r6,0x101	458	459	460	465
ori       r6,r6,257	459	460	465	470
lw        r2,0(r3)	462	463	464	469
addiu     r3,r3,4	463	464	468	473
subu      r2,r2,r6	465	466	470	475
and       r2,r2,r7	468	469	475	480
beq       r2,r0,0x5fe408	469	470	0	0
lw        r2,0(r3)	470	471	473	478
addiu     r3,r3,4	471	472	473	479
subu      r2,r2,r6	473	474	478	483
and       r2,r2,r7	475	476	483	488
beq       r2,r0,0x5fe408	476	477	0	0
lw        r2,0(r3)	478	479	480	485
addiu     r3,r3,4	479	480	481	486
subu      r2,r2,r6	480	481	485	490
and       r2,r2,r7	483	484	490	495
beq       r2,r0,0x5fe408	484	485	0	0
lw        r2,0(r3)	485	486	487	492
addiu     r3,r3,4	486	487	488	493
subu      r2,r2,r6	488	489	492	497
and       r2,r2,r7	490	491	497	502
beq       r2,r0,0x5fe408	491	492	0	0
lw        r2,0(r3)	492	493	494	499
addiu     r3,r3,4	493	494	495	500
subu      r2,r2,r6	495	496	499	504
and       r2,r2,r7	497	498	504	509
beq       r2,r0,0x5fe408	498	499	0	0
lw        r2,0(r3)	499	500	501	506
addiu     r3,r3,4	500	501	502	507
subu      r2,r2,r6	502	503	506	511
and       r2,r2,r7	504	505	511	516
beq       r2,r0,0x5fe408	505	506	0	0
lb        r2,-4(r3)	506	507	508	513
addiu     r5,r3,-4	507	508	509	514
bne       r2,r0,0x5fe458	508	509	0	0
lb        r2,-3(r3)	509	510	513	518
bne       r2,r0,0x5fe480	510	511	0	0
lb        r2,-2(r3)	511	512	514	519
beq       r2,r0,0x5fe4c8	512	513	0	0
lb        r2,-1(r3)	513	514	516	521
bne       r2,r0,0x5fe408	514	515	0	0
subu      r2,r5,r4	515	516	518	523
addiu     r2,r2,3	516	517	523	528
j         0x5fe4d8	517	518	0	0
addiu     r29,r29,16	518	519	520	525
jr        r31	519	520	0	0
lw        r4,0(r17)	520	521	522	527
addu      r3,r2,r4	521	522	528	533
sw        r0,32(r29)	523	524	525	0
sw        r0,40(r29)	525	526	527	0
beq       r3,r4,0x443e60	526	527	0	0
addiu     r5,r0,47	527	528	530	535
lb        r2,-1(r3)	528	529	533	538
beq       r2,r5,0x443e60	529	530	0	0
addiu     r3,r3,-1	530	531	533	539
bne       r3,r4,0x443e40	531	532	0	0
lb        r2,-1(r3)	532	533	539	544
beq       r2,r5,0x443e60	533	534	0	0
addiu     r3,r3,-1	534	535	539	545
bne       r3,r4,0x443e40	535	536	0	0
lb        r2,-1(r3)	536	537	545	550
beq       r2,r5,0x443e60	537	538	0	0
addiu     r3,r3,-1	538	539	545	551
bne       r3,r4,0x443e40	539	540	0	0
lb        r2,-1(r3)	540	541	551	556
beq       r2,r5,0x443e60	541	542	0	0
addiu     r3,r3,-1	544	545	551	557
bne       r3,r4,0x443e40	545	546	0	0
lb        r2,-1(r3)	546	547	557	562
beq       r2,r5,0x443e60	547	548	0	0
addiu     r3,r3,-1	550	551	557	563
bne       r3,r4,0x443e40	551	552	0	0
lb        r2,-1(r3)	552	553	563	568
beq       r2,r5,0x443e60	553	554	0	0
addiu     r3,r3,-1	556	557	563	569
bne       r3,r4,0x443e40	557	558	0	0
lb        r2,-1(r3)	558	559	569	574
beq       r2,r5,0x443e60	559	560	0	0
addiu     r3,r3,-1	562	563	569	575
bne       r3,r4,0x443e40	563	564	0	0
lb        r2,-1(r3)	564	565	575	580
beq       r2,r5,0x443e60	565	566	0	0
addiu     r3,r3,-1	568	569	575	581
bne       r3,r4,0x443e40	569	570	0	0
lb        r2,-1(r3)	570	571	581	586
beq       r2,r5,0x443e60	571	572	0	0
addiu     r3,r3,-1	574	575	581	587
bne       r3,r4,0x443e40	575	576	0	0
lb        r2,-1(r3)	576	577	587	592
beq       r2,r5,0x443e60	577	578	0	0
addiu     r3,r3,-1	580	581	587	593
bne       r3,r4,0x443e40	581	582	0	0
lb        r2,-1(r3)	582	583	593	598
beq       r2,r5,0x443e60	583	584	0	0
addiu     r3,r3,-1	586	587	593	599
bne       r3,r4,0x443e40	587	588	0	0
lb        r2,-1(r3)	588	589	599	604
beq       r2,r5,0x443e60	589	590	0	0
addiu     r3,r3,-1	592	593	599	605
bne       r3,r4,0x443e40	593	594	0	0
lb        r2,-1(r3)	594	595	605	610
beq       r2,r5,0x443e60	595	596	0	0
addiu     r4,r0,8	598	599	600	606
lui       r5,0x44	599	600	604	609
addiu     r5,r5,-3160	604	605	609	614
sw        r3,-21080(r28)	605	606	607	0
jal       0x600b50	606	607	0	0
addiu     r29,r29,-56	607	608	610	615
sw        r16,48(r29)	609	610	615	0
addu      r16,r0,r4	610	611	612	617
addiu     r2,r0,-1	612	613	614	619
sw        r31,52(r29)	614	615	617	0
bne       r5,r2,0x600ba0	615	616	0	0
sw        r5,16(r29)	616	617	619	0
sw        r0,20(r29)	617	618	620	0
blez      r16,0x600bc8	618	619	0	0
sltiu     r2,r16,33	619	620	622	627
bne       r2,r0,0x600be0	620	621	0	0
addiu     r2,r16,-1	621	622	624	629
lw        r4,-19216(r28)	622	623	625	630
addiu     r3,r0,1	624	625	627	632
sllv      r3,r3,r2	625	626	632	637
and       r3,r3,r4	627	628	637	642
sltu      r2,r0,r3	629	630	642	647
sltiu     r2,r2,1	630	631	647	652
sll       r2,r2,1	632	633	652	657
sw        r2,24(r29)	637	638	657	0
addu      r4,r0,r16	642	643	644	649
addiu     r5,r29,16	647	648	649	654
addiu     r6,r29,32	649	650	651	656
jal       0x607880	650	651	0	0
addiu     r29,r29,-56	652	653	654	659
sw        r16,48(r29)	654	655	659	0
addu      r16,r0,r6	656	657	658	663
addiu     r2,r4,-1	657	658	662	667
sltiu     r2,r2,32	659	660	667	672
sw        r31,52(r29)	662	663	664	0
bne       r2,r0,0x6078d8	663	664	0	0
beq       r5,r0,0x607930	664	665	0	0
lw        r2,4(r5)	665	666	667	673
sw        r2,20(r29)	666	667	673	0
lw        r2,0(r5)	667	668	669	674
sw        r2,16(r29)	669	670	674	0
lw        r2,8(r5)	672	673	674	679
andi      r3,r2,1	673	674	679	684
andi      r2,r2,2	674	675	679	685
bne       r2,r0,0x607928	675	676	0	0
sw        r3,24(r29)	678	679	684	0
addu      r2,r0,r0	679	680	681	686
beq       r5,r0,0x607948	680	681	0	0
addiu     r2,r29,16	681	682	685	690
addu      r5,r0,r2	684	685	690	695
addiu     r6,r29,32	685	686	687	692
jal       0x60dbf0	686	687	0	0
addiu     r29,r29,-24	687	688	689	694
sw        r31,16(r29)	689	690	694	0
lui       r7,0x61	690	691	692	697
addiu     r7,r7,320	692	693	697	702
jal       0x610280	693	694	0	0
addiu     r2,r0,108	694	695	696	701
syscall   	0	0	0	0
bne       r7,r0,0x610270	695	696	0	0
nop       	696	697	699	704
jr        r31	697	698	0	0
lw        r31,16(r29)	698	699	701	706
addiu     r29,r29,24	699	700	702	707
jr        r31	700	701	0	0
bgez      r2,0x607978	701	702	0	0
beq       r16,r0,0x6079d0	702	703	0	0
lw        r2,32(r29)	703	704	707	712
sw        r2,0(r16)	704	705	712	0
lw        r2,36(r29)	705	706	707	713
sw        r2,4(r16)	706	707	713	0
lw        r2,40(r29)	707	708	709	714
andi      r3,r2,1	712	713	714	719
andi      r2,r2,2	713	714	717	722
bne       r2,r0,0x6079c8	714	715	0	0
ori       r3,r3,2	715	716	719	724
sw        r3,8(r16)	717	718	724	0
addu      r2,r0,r0	718	719	720	725
lw        r31,52(r29)	719	720	722	727
lw        r16,48(r29)	722	723	725	730
addiu     r29,r29,56	724	725	727	732
jr        r31	725	726	0	0
addu      r3,r0,r2	726	727	729	734
addiu     r2,r0,-1	727	728	730	735
bltz      r3,0x600c68	728	729	0	0
lw        r2,32(r29)	729	730	732	737
lw        r31,52(r29)	730	731	734	739
lw        r16,48(r29)	732	733	735	740
addiu     r29,r29,56	734	735	737	742
jr        r31	735	736	0	0
addiu     r4,r0,13	736	737	739	744
lui       r5,0x44	737	738	740	745
addiu     r5,r5,23000	739	740	745	750
jal       0x600b50	740	741	0	0
addiu     r29,r29,-56	741	742	743	748
sw        r16,48(r29)	742	743	748	0
addu      r16,r0,r4	744	745	746	751
addiu     r2,r0,-1	745	746	750	755
sw        r31,52(r29)	748	749	751	0
bne       r5,r2,0x600ba0	749	750	0	0
sw        r5,16(r29)	750	751	753	0
sw        r0,20(r29)	751	752	755	0
blez      r16,0x600bc8	752	753	0	0
sltiu     r2,r16,33	753	754	756	761
bne       r2,r0,0x600be0	754	755	0	0
addiu     r2,r16,-1	755	756	758	763
lw        r4,-19216(r28)	756	757	760	765
addiu     r3,r0,1	758	759	761	766
sllv      r3,r3,r2	760	761	766	771
and       r3,r3,r4	761	762	771	776
sltu      r2,r0,r3	763	764	776	781
sltiu     r2,r2,1	765	766	781	786
sll       r2,r2,1	766	767	786	791
sw        r2,24(r29)	771	772	791	0
addu      r4,r0,r16	776	777	778	783
addiu     r5,r29,16	781	782	783	788
addiu     r6,r29,32	783	784	785	790
jal       0x607880	784	785	0	0
addiu     r29,r29,-56	786	787	788	793
sw        r16,48(r29)	788	789	793	0
addu      r16,r0,r6	790	791	792	797
addiu     r2,r4,-1	791	792	796	801
sltiu     r2,r2,32	793	794	801	806
sw        r31,52(r29)	796	797	798	0
bne       r2,r0,0x6078d8	797	798	0	0
beq       r5,r0,0x607930	798	799	0	0
lw        r2,4(r5)	799	800	801	807
sw        r2,20(r29)	800	801	807	0
lw        r2,0(r5)	801	802	803	808
sw        r2,16(r29)	803	804	808	0
lw        r2,8(r5)	806	807	808	813
andi      r3,r2,1	807	808	813	818
andi      r2,r2,2	808	809	813	819
bne       r2,r0,0x607928	809	810	0	0
sw        r3,24(r29)	812	813	818	0
addu      r2,r0,r0	813	814	815	820
beq       r5,r0,0x607948	814	815	0	0
addiu     r2,r29,16	815	816	819	824
addu      r5,r0,r2	818	819	824	829
addiu     r6,r29,32	819	820	821	826
jal       0x60dbf0	820	821	0	0
addiu     r29,r29,-24	821	822	823	828
sw        r31,16(r29)	823	824	828	0
lui       r7,0x61	824	825	826	831
addiu     r7,r7,320	826	827	831	836
jal       0x610280	827	828	0	0
addiu     r2,r0,108	828	829	830	835
syscall   	0	0	0	0
bne       r7,r0,0x610270	829	830	0	0
nop       	830	831	833	838
jr        r31	831	832	0	0
lw        r31,16(r29)	832	833	835	840
addiu     r29,r29,24	833	834	836	841
jr        r31	834	835	0	0
bgez      r2,0x607978	835	836	0	0
beq       r16,r0,0x6079d0	836	837	0	0
lw        r2,32(r29)	837	838	841	846
sw        r2,0(r16)	838	839	846	0
lw        r2,36(r29)	839	840	841	847
sw        r2,4(r16)	840	841	847	0
lw        r2,40(r29)	841	842	843	848
andi      r3,r2,1	846	847	848	853
andi      r2,r2,2	847	848	851	856
bne       r2,r0,0x6079c8	848	849	0	0
ori       r3,r3,2	849	850	853	858
sw        r3,8(r16)	851	852	858	0
addu      r2,r0,r0	852	853	854	859
lw        r31,52(r29)	853	854	856	861
lw        r16,48(r29)	856	857	859	864
addiu     r29,r29,56	858	859	861	866
jr        r31	859	860	0	0
addu      r3,r0,r2	860	861	863	868
addiu     r2,r0,-1	861	862	864	869
bltz      r3,0x600c68	862	863	0	0
lw        r2,32(r29)	863	864	866	871
lw        r31,52(r29)	864	865	868	873
lw        r16,48(r29)	866	867	869	874
addiu     r29,r29,56	868	869	871	876
jr        r31	869	870	0	0
lw        r8,16(r29)	870	871	876	881
addiu     r23,r0,1	871	872	873	878
lui       r2,0x44	873	874	875	880
addiu     r2,r2,22976	874	875	880	885
sw        r2,-20800(r28)	876	877	885	0
lui       r2,0x44	878	879	880	886
addiu     r2,r2,-4344	880	881	886	891
sw        r2,-20916(r28)	881	882	891	0
addiu     r2,r0,1	885	886	887	892
sw        r2,-20984(r28)	886	887	892	0
slt       r2,r23,r8	890	891	892	897
beq       r2,r0,0x444018	891	892	0	0
addiu     r20,r0,1	892	893	896	901
addiu     r19,r0,45	893	894	897	902
addiu     r18,r0,79	896	897	898	903
addiu     r16,r17,4	897	898	901	906
lw        r4,0(r16)	898	899	906	911
addiu     r5,r28,-30020	901	902	903	908
jal       0x5fbc40	902	903	0	0
lbu       r2,0(r4)	903	904	911	916
lbu       r3,0(r5)	904	905	908	913
addiu     r4,r4,1	906	907	913	918
addiu     r5,r5,1	908	909	910	915
andi      r2,r2,255	911	912	916	921
beq       r2,r0,0x5fbc90	912	913	0	0
andi      r3,r3,255	913	914	915	920
beq       r2,r3,0x5fbc40	914	915	0	0
lbu       r2,0(r4)	915	916	918	923
lbu       r3,0(r5)	916	917	920	925
addiu     r4,r4,1	918	919	921	926
addiu     r5,r5,1	920	921	923	928
andi      r2,r2,255	921	922	925	930
beq       r2,r0,0x5fbc90	922	923	0	0
andi      r3,r3,255	923	924	926	931
beq       r2,r3,0x5fbc40	924	925	0	0
lbu       r2,0(r4)	925	926	928	933
lbu       r3,0(r5)	926	927	930	935
addiu     r4,r4,1	928	929	931	936
addiu     r5,r5,1	930	931	933	938
andi      r2,r2,255	931	932	935	940
beq       r2,r0,0x5fbc90	932	933	0	0
subu      r2,r0,r3	933	934	936	941
jr        r31	934	935	0	0
bne       r2,r0,0x443f58	935	936	0	0
sw        r20,-30644(r28)	936	937	938	0
j         0x443ff0	937	938	0	0
lw        r8,16(r29)	938	939	940	945
addiu     r16,r16,4	939	940	941	946
addiu     r23,r23,1	940	941	943	948
slt       r2,r23,r8	941	942	948	953
bne       r2,r0,0x443f28	942	943	0	0
lw        r4,0(r16)	943	944	946	951
addiu     r5,r28,-30020	945	946	947	952
jal       0x5fbc40	946	947	0	0
lbu       r2,0(r4)	947	948	951	956
lbu       r3,0(r5)	948	949	952	957
addiu     r4,r4,1	951	952	953	958
addiu     r5,r5,1	952	953	956	961
andi      r2,r2,255	953	954	957	962
beq       r2,r0,0x5fbc90	954	955	0	0
andi      r3,r3,255	956	957	958	963
beq       r2,r3,0x5fbc40	957	958	0	0
subu      r2,r2,r3	958	959	963	968
j         0x5fbc98	959	960	0	0
jr        r31	960	961	0	0
bne       r2,r0,0x443f58	961	962	0	0
lw        r4,0(r16)	962	963	964	969
lb        r2,0(r4)	963	964	969	974
bne       r2,r19,0x443ff0	964	965	0	0
lw        r8,16(r29)	965	966	967	972
addiu     r16,r16,4	966	967	968	973
addiu     r23,r23,1	968	969	972	977
slt       r2,r23,r8	969	970	977	982
bne       r2,r0,0x443f28	970	971	0	0
lw        r3,-30644(r28)	972	973	974	979
sltiu     r2,r3,1	973	974	979	984
sw        r2,-30608(r28)	974	975	984	0
bne       r3,r0,0x444050	975	976	0	0
blez      r3,0x444078	976	977	0	0
addiu     r2,r0,1	977	978	979	985
sw        r2,-30584(r28)	979	980	985	0
sw        r2,-21024(r28)	982	983	985	0
sw        r2,-20836(r28)	984	985	989	0
slti      r2,r3,2	985	986	990	995
bne       r2,r0,0x4440d8	986	987	0	0
jal       0x566620	987	988	0	0
addiu     r29,r29,-88	989	990	991	996
sw        r19,60(r29)	990	991	996	0
addu      r19,r0,r0	991	992	994	999
addiu     r11,r0,1	994	995	996	1001
lui       r10,0x1004	995	996	999	1004
addiu     r10,r10,-3648	996	997	1004	1009
addu      r9,r0,r10	999	1000	1009	1014
lui       r8,0x1003	1001	1002	1003	1008
addiu     r8,r8,-15344	1002	1003	1008	1013
addu      r5,r0,r0	1004	1005	1006	1011
sw        r31,84(r29)	1008	1009	1011	0
sw        r30,80(r29)	1009	1010	1013	0
sw        r23,76(r29)	1011	1012	1014	0
sw        r22,72(r29)	1013	1014	1016	0
sw        r21,68(r29)	1014	1015	1018	0
sw        r20,64(r29)	1016	1017	1019	0
sw        r18,56(r29)	1018	1019	1021	0
sw        r17,52(r29)	1019	1020	1023	0
sw        r16,48(r29)	1021	1022	1024	0
addu      r3,r5,r10	1023	1024	1026	1031
addiu     r2,r0,1	1024	1025	1028	1033
sw        r0,0(r3)	1026	1027	1031	0
addiu     r3,r3,4	1028	1029	1031	1036
addiu     r2,r2,-1	1029	1030	1033	1038
bgez      r2,0x5666c8	1030	1031	0	0
sw        r0,0(r3)	1031	1032	1036	0
addiu     r3,r3,4	1033	1034	1036	1041
addiu     r2,r2,-1	1036	1037	1038	1043
bgez      r2,0x5666c8	1037	1038	0	0
addu      r17,r0,r0	1038	1039	1041	1046
addu      r7,r0,r8	1039	1040	1041	1047
addu      r6,r0,r9	1041	1042	1043	1048
addu      r2,r0,r17	1042	1043	1046	1051
bgez      r17,0x566718	1043	1044	0	0
sra       r2,r2,5	1044	1045	1051	1056
sll       r3,r2,2	1046	1047	1056	1061
addu      r3,r3,r7	1047	1048	1061	1066
lw        r3,0(r3)	1048	1049	1066	1071
sll       r2,r2,5	1051	1052	1056	1062
subu      r2,r17,r2	1056	1057	1062	1067
srlv      r3,r3,r2	1061	1062	1071	1076
andi      r3,r3,1	1062	1063	1076	1081
beq       r3,r0,0x5667a0	1063	1064	0	0
addiu     r17,r17,1	1066	1067	1068	1073
slti      r2,r17,64	1067	1068	1073	1078
bne       r2,r0,0x566700	1068	1069	0	0
addu      r2,r0,r17	1071	1072	1073	1079
bgez      r17,0x566718	1072	1073	0	0
sra       r2,r2,5	1073	1074	1079	1084
sll       r3,r2,2	1076	1077	1084	1089
addu      r3,r3,r7	1078	1079	1089	1094
lw        r3,0(r3)	1079	1080	1094	1099
sll       r2,r2,5	1081	1082	1084	1090
subu      r2,r17,r2	1084	1085	1090	1095
srlv      r3,r3,r2	1089	1090	1099	1104
andi      r3,r3,1	1090	1091	1104	1109
beq       r3,r0,0x5667a0	1091	1092	0	0
addiu     r17,r17,1	1094	1095	1096	1101
slti      r2,r17,64	1095	1096	1101	1106
bne       r2,r0,0x566700	1096	1097	0	0
addu      r2,r0,r17	1099	1100	1101	1107
bgez      r17,0x566718	1100	1101	0	0
sra       r2,r2,5	1101	1102	1107	1112
sll       r3,r2,2	1104	1105	1112	1117
addu      r3,r3,r7	1106	1107	1117	1122
lw        r3,0(r3)	1107	1108	1122	1127
sll       r2,r2,5	1109	1110	1112	1118
subu      r2,r17,r2	1112	1113	1118	1123
srlv      r3,r3,r2	1117	1118	1127	1132
andi      r3,r3,1	1118	1119	1132	1137
beq       r3,r0,0x5667a0	1119	1120	0	0
addiu     r17,r17,1	1122	1123	1124	1129
slti      r2,r17,64	1123	1124	1129	1134
bne       r2,r0,0x566700	1124	1125	0	0
addu      r2,r0,r17	1127	1128	1129	1135
bgez      r17,0x566718	1128	1129	0	0
sra       r2,r2,5	1129	1130	1135	1140
sll       r3,r2,2	1132	1133	1140	1145
addu      r3,r3,r7	1134	1135	1145	1150
lw        r3,0(r3)	1135	1136	1150	1155
sll       r2,r2,5	1137	1138	1140	1146
subu      r2,r17,r2	1140	1141	1146	1151
srlv      r3,r3,r2	1145	1146	1155	1160
andi      r3,r3,1	1146	1147	1160	1165
beq       r3,r0,0x5667a0	1147	1148	0	0
addiu     r17,r17,1	1150	1151	1152	1157
slti      r2,r17,64	1151	1152	1157	1162
bne       r2,r0,0x566700	1152	1153	0	0
addu      r2,r0,r17	1155	1156	1157	1163
bgez      r17,0x566718	1156	1157	0	0
sra       r2,r2,5	1157	1158	1163	1168
sll       r3,r2,2	1160	1161	1168	1173
addu      r3,r3,r7	1162	1163	1173	1178
lw        r3,0(r3)	1163	1164	1178	1183
sll       r2,r2,5	1165	1166	1168	1174
subu      r2,r17,r2	1168	1169	1174	1179
srlv      r3,r3,r2	1173	1174	1183	1188
andi      r3,r3,1	1174	1175	1188	1193
beq       r3,r0,0x5667a0	1175	1176	0	0
addiu     r17,r17,1	1178	1179	1180	1185
slti      r2,r17,64	1179	1180	1185	1190
bne       r2,r0,0x566700	1180	1181	0	0
addu      r2,r0,r17	1183	1184	1185	1191
bgez      r17,0x566718	1184	1185	0	0
sra       r2,r2,5	1185	1186	1191	1196
sll       r3,r2,2	1188	1189	1196	1201
addu      r3,r3,r7	1190	1191	1201	1206
lw        r3,0(r3)	1191	1192	1206	1211
sll       r2,r2,5	1193	1194	1196	1202
subu      r2,r17,r2	1196	1197	1202	1207
srlv      r3,r3,r2	1201	1202	1211	1216
andi      r3,r3,1	1202	1203	1216	1221
beq       r3,r0,0x5667a0	1203	1204	0	0
addiu     r17,r17,1	1206	1207	1208	1213
slti      r2,r17,64	1207	1208	1213	1218
bne       r2,r0,0x566700	1208	1209	0	0
addu      r2,r0,r17	1211	1212	1213	1219
bgez      r17,0x566718	1212	1213	0	0
sra       r2,r2,5	1213	1214	1219	1224
sll       r3,r2,2	1216	1217	1224	1229
addu      r3,r3,r7	1218	1219	1229	1234
lw        r3,0(r3)	1219	1220	1234	1239
sll       r2,r2,5	1221	1222	1224	1230
subu      r2,r17,r2	1224	1225	1230	1235
srlv      r3,r3,r2	1229	1230	1239	1244
andi      r3,r3,1	1230	1231	1244	1249
beq       r3,r0,0x5667a0	1231	1232	0	0
addiu     r17,r17,1	1234	1235	1236	1241
slti      r2,r17,64	1235	1236	1241	1246
bne       r2,r0,0x566700	1236	1237	0	0
addu      r2,r0,r17	1239	1240	1241	1247
bgez      r17,0x566718	1240	1241	0	0
sra       r2,r2,5	1241	1242	1247	1252
sll       r3,r2,2	1244	1245	1252	1257
addu      r3,r3,r7	1246	1247	1257	1262
lw        r3,0(r3)	1247	1248	1262	1267
sll       r2,r2,5	1249	1250	1252	1258
subu      r2,r17,r2	1252	1253	1258	1263
srlv      r3,r3,r2	1257	1258	1267	1272
andi      r3,r3,1	1258	1259	1272	1277
beq       r3,r0,0x5667a0	1259	1260	0	0
addiu     r17,r17,1	1262	1263	1264	1269
slti      r2,r17,64	1263	1264	1269	1274
bne       r2,r0,0x566700	1264	1265	0	0
addu      r2,r0,r17	1267	1268	1269	1275
bgez      r17,0x566718	1268	1269	0	0
sra       r2,r2,5	1269	1270	1275	1280
sll       r3,r2,2	1272	1273	1280	1285
addu      r3,r3,r7	1274	1275	1285	1290
lw        r3,0(r3)	1275	1276	1290	1295
sll       r2,r2,5	1277	1278	1280	1286
subu      r2,r17,r2	1280	1281	1286	1291
srlv      r3,r3,r2	1285	1286	1295	1300
andi      r3,r3,1	1286	1287	1300	1305
beq       r3,r0,0x5667a0	1287	1288	0	0
addiu     r17,r17,1	1290	1291	1292	1297
slti      r2,r17,64	1291	1292	1297	1302
bne       r2,r0,0x566700	1292	1293	0	0
addu      r2,r0,r17	1295	1296	1297	1303
bgez      r17,0x566718	1296	1297	0	0
sra       r2,r2,5	1297	1298	1303	1308
sll       r3,r2,2	1300	1301	1308	1313
addu      r3,r3,r7	1302	1303	1313	1318
lw        r3,0(r3)	1303	1304	1318	1323
sll       r2,r2,5	1305	1306	1308	1314
subu      r2,r17,r2	1308	1309	1314	1319
srlv      r3,r3,r2	1313	1314	1323	1328
andi      r3,r3,1	1314	1315	1328	1333
beq       r3,r0,0x5667a0	1315	1316	0	0
addiu     r17,r17,1	1318	1319	1320	1325
slti      r2,r17,64	1319	1320	1325	1330
bne       r2,r0,0x566700	1320	1321	0	0
addu      r2,r0,r17	1323	1324	1325	1331
bgez      r17,0x566718	1324	1325	0	0
sra       r2,r2,5	1325	1326	1331	1336
sll       r3,r2,2	1328	1329	1336	1341
addu      r3,r3,r7	1330	1331	1341	1346
lw        r3,0(r3)	1331	1332	1346	1351
sll       r2,r2,5	1333	1334	1336	1342
subu      r2,r17,r2	1336	1337	1342	1347
srlv      r3,r3,r2	1341	1342	1351	1356
andi      r3,r3,1	1342	1343	1356	1361
beq       r3,r0,0x5667a0	1343	1344	0	0
addiu     r17,r17,1	1346	1347	1348	1353
slti      r2,r17,64	1347	1348	1353	1358
bne       r2,r0,0x566700	1348	1349	0	0
addu      r2,r0,r17	1351	1352	1353	1359
bgez      r17,0x566718	1352	1353	0	0
sra       r2,r2,5	1353	1354	1359	1364
sll       r3,r2,2	1356	1357	1364	1369
addu      r3,r3,r7	1358	1359	1369	1374
lw        r3,0(r3)	1359	1360	1374	1379
sll       r2,r2,5	1361	1362	1364	1370
subu      r2,r17,r2	1364	1365	1370	1375
srlv      r3,r3,r2	1369	1370	1379	1384
andi      r3,r3,1	1370	1371	1384	1389
beq       r3,r0,0x5667a0	1371	1372	0	0
addiu     r17,r17,1	1374	1375	1376	1381
slti      r2,r17,64	1375	1376	1381	1386
bne       r2,r0,0x566700	1376	1377	0	0
addu      r2,r0,r17	1379	1380	1381	1387
bgez      r17,0x566718	1380	1381	0	0
sra       r2,r2,5	1381	1382	1387	1392
sll       r3,r2,2	1384	1385	1392	1397
addu      r3,r3,r7	1386	1387	1397	1402
lw        r3,0(r3)	1387	1388	1402	1407
sll       r2,r2,5	1389	1390	1392	1398
subu      r2,r17,r2	1392	1393	1398	1403
srlv      r3,r3,r2	1397	1398	1407	1412
andi      r3,r3,1	1398	1399	1412	1417
beq       r3,r0,0x5667a0	1399	1400	0	0
addiu     r17,r17,1	1402	1403	1404	1409
slti      r2,r17,64	1403	1404	1409	1414
bne       r2,r0,0x566700	1404	1405	0	0
addu      r2,r0,r17	1407	1408	1409	1415
bgez      r17,0x566718	1408	1409	0	0
sra       r2,r2,5	1409	1410	1415	1420
sll       r3,r2,2	1412	1413	1420	1425
addu      r3,r3,r7	1414	1415	1425	1430
lw        r3,0(r3)	1415	1416	1430	1435
sll       r2,r2,5	1417	1418	1420	1426
subu      r2,r17,r2	1420	1421	1426	1431
srlv      r3,r3,r2	1425	1426	1435	1440
andi      r3,r3,1	1426	1427	1440	1445
beq       r3,r0,0x5667a0	1427	1428	0	0
addiu     r17,r17,1	1430	1431	1432	1437
slti      r2,r17,64	1431	1432	1437	1442
bne       r2,r0,0x566700	1432	1433	0	0
addu      r2,r0,r17	1435	1436	1437	1443
bgez      r17,0x566718	1436	1437	0	0
sra       r2,r2,5	1437	1438	1443	1448
sll       r3,r2,2	1440	1441	1448	1453
addu      r3,r3,r7	1442	1443	1453	1458
lw        r3,0(r3)	1443	1444	1458	1463
sll       r2,r2,5	1445	1446	1448	1454
subu      r2,r17,r2	1448	1449	1454	1459
srlv      r3,r3,r2	1453	1454	1463	1468
andi      r3,r3,1	1454	1455	1468	1473
beq       r3,r0,0x5667a0	1455	1456	0	0
addiu     r17,r17,1	1458	1459	1460	1465
slti      r2,r17,64	1459	1460	1465	1470
bne       r2,r0,0x566700	1460	1461	0	0
addu      r2,r0,r17	1463	1464	1465	1471
bgez      r17,0x566718	1464	1465	0	0
sra       r2,r2,5	1465	1466	1471	1476
sll       r3,r2,2	1468	1469	1476	1481
addu      r3,r3,r7	1470	1471	1481	1486
lw        r3,0(r3)	1471	1472	1486	1491
sll       r2,r2,5	1473	1474	1476	1482
subu      r2,r17,r2	1476	1477	1482	1487
srlv      r3,r3,r2	1481	1482	1491	1496
andi      r3,r3,1	1482	1483	1496	1501
beq       r3,r0,0x5667a0	1483	1484	0	0
addiu     r17,r17,1	1486	1487	1488	1493
slti      r2,r17,64	1487	1488	1493	1498
bne       r2,r0,0x566700	1488	1489	0	0
addu      r2,r0,r17	1491	1492	1493	1499
bgez      r17,0x566718	1492	1493	0	0
sra       r2,r2,5	1493	1494	1499	1504
sll       r3,r2,2	1496	1497	1504	1509
addu      r3,r3,r7	1498	1499	1509	1514
lw        r3,0(r3)	1499	1500	1514	1519
sll       r2,r2,5	1501	1502	1504	1510
subu      r2,r17,r2	1504	1505	1510	1515
srlv      r3,r3,r2	1509	1510	1519	1524
andi      r3,r3,1	1510	1511	1524	1529
beq       r3,r0,0x5667a0	1511	1512	0	0
addiu     r17,r17,1	1514	1515	1516	1521
slti      r2,r17,64	1515	1516	1521	1526
bne       r2,r0,0x566700	1516	1517	0	0
addu      r2,r0,r17	1519	1520	1521	1527
bgez      r17,0x566718	1520	1521	0	0
sra       r2,r2,5	1521	1522	1527	1532
sll       r3,r2,2	1524	1525	1532	1537
addu      r3,r3,r7	1526	1527	1537	1542
lw        r3,0(r3)	1527	1528	1542	1547
sll       r2,r2,5	1529	1530	1532	1538
subu      r2,r17,r2	1532	1533	1538	1543
srlv      r3,r3,r2	1537	1538	1547	1552
andi      r3,r3,1	1538	1539	1552	1557
beq       r3,r0,0x5667a0	1539	1540	0	0
addiu     r17,r17,1	1542	1543	1544	1549
slti      r2,r17,64	1543	1544	1549	1554
bne       r2,r0,0x566700	1544	1545	0	0
addu      r2,r0,r17	1547	1548	1549	1555
bgez      r17,0x566718	1548	1549	0	0
sra       r2,r2,5	1549	1550	1555	1560
sll       r3,r2,2	1552	1553	1560	1565
addu      r3,r3,r7	1554	1555	1565	1570
lw        r3,0(r3)	1555	1556	1570	1575
sll       r2,r2,5	1557	1558	1560	1566
subu      r2,r17,r2	1560	1561	1566	1571
srlv      r3,r3,r2	1565	1566	1575	1580
andi      r3,r3,1	1566	1567	1580	1585
beq       r3,r0,0x5667a0	1567	1568	0	0
addiu     r17,r17,1	1570	1571	1572	1577
slti      r2,r17,64	1571	1572	1577	1582
bne       r2,r0,0x566700	1572	1573	0	0
addu      r2,r0,r17	1575	1576	1577	1583
bgez      r17,0x566718	1576	1577	0	0
sra       r2,r2,5	1577	1578	1583	1588
sll       r3,r2,2	1580	1581	1588	1593
addu      r3,r3,r7	1582	1583	1593	1598
lw        r3,0(r3)	1583	1584	1598	1603
sll       r2,r2,5	1585	1586	1588	1594
subu      r2,r17,r2	1588	1589	1594	1599
srlv      r3,r3,r2	1593	1594	1603	1608
andi      r3,r3,1	1594	1595	1608	1613
beq       r3,r0,0x5667a0	1595	1596	0	0
addiu     r17,r17,1	1598	1599	1600	1605
slti      r2,r17,64	1599	1600	1605	1610
bne       r2,r0,0x566700	1600	1601	0	0
addu      r2,r0,r17	1603	1604	1605	1611
bgez      r17,0x566718	1604	1605	0	0
sra       r2,r2,5	1605	1606	1611	1616
sll       r3,r2,2	1608	1609	1616	1621
addu      r3,r3,r7	1610	1611	1621	1626
lw        r3,0(r3)	1611	1612	1626	1631
sll       r2,r2,5	1613	1614	1616	1622
subu      r2,r17,r2	1616	1617	1622	1627
srlv      r3,r3,r2	1621	1622	1631	1636
andi      r3,r3,1	1622	1623	1636	1641
beq       r3,r0,0x5667a0	1623	1624	0	0
addiu     r17,r17,1	1626	1627	1628	1633
slti      r2,r17,64	1627	1628	1633	1638
bne       r2,r0,0x566700	1628	1629	0	0
addu      r2,r0,r17	1631	1632	1633	1639
bgez      r17,0x566718	1632	1633	0	0
sra       r2,r2,5	1633	1634	1639	1644
sll       r3,r2,2	1636	1637	1644	1649
addu      r3,r3,r7	1638	1639	1649	1654
lw        r3,0(r3)	1639	1640	1654	1659
sll       r2,r2,5	1641	1642	1644	1650
subu      r2,r17,r2	1644	1645	1650	1655
srlv      r3,r3,r2	1649	1650	1659	1664
andi      r3,r3,1	1650	1651	1664	1669
beq       r3,r0,0x5667a0	1651	1652	0	0
addiu     r17,r17,1	1654	1655	1656	1661
slti      r2,r17,64	1655	1656	1661	1666
bne       r2,r0,0x566700	1656	1657	0	0
addu      r2,r0,r17	1659	1660	1661	1667
